# JRE version: Java(TM) SE Runtime Environment (16.0.2+7) (build 16.0.2+7-67)
# Java VM: Java HotSpot(TM) 64-Bit Server VM (16.0.2+7-67, mixed mode, sharing, tiered, compressed oops, compressed class ptrs, g1 gc, windows-amd64)
GC Precious Log:
 CPUs: 2 total, 2 available
 Memory: 3979M
 Large Page Support: Disabled
 NUMA Support: Disabled
 Compressed Oops: Enabled (32-bit)
 Heap Region Size: 1M
 Heap Min Capacity: 8M
 Heap Initial Capacity: 64M
 Heap Max Capacity: 996M
 Pre-touch: Disabled
 Parallel Workers: 2
 Concurrent Workers: 1
 Concurrent Refinement Workers: 2
 Periodic GC: Disabled
Heap:
 garbage-first heap   total 65536K, used 32052K [0x00000000c1c00000, 0x0000000100000000)
  region size 1024K, 20 young (20480K), 3 survivors (3072K)
 Metaspace       used 10042K, committed 10304K, reserved 1064960K
  class space    used 1090K, committed 1216K, reserved 1048576K
GC Heap History (10 events):
Event: 4.522 GC heap before
{Heap before GC invocations=0 (full 0):
 garbage-first heap   total 65536K, used 6144K [0x00000000c1c00000, 0x0000000100000000)
  region size 1024K, 6 young (6144K), 0 survivors (0K)
 Metaspace       used 8824K, committed 9088K, reserved 1056768K
  class space    used 1082K, committed 1216K, reserved 1048576K
}
Event: 4.548 GC heap after
{Heap after GC invocations=1 (full 0):
 garbage-first heap   total 65536K, used 1989K [0x00000000c1c00000, 0x0000000100000000)
  region size 1024K, 1 young (1024K), 1 survivors (1024K)
 Metaspace       used 8824K, committed 9088K, reserved 1056768K
  class space    used 1082K, committed 1216K, reserved 1048576K
}
Event: 17.509 GC heap before
{Heap before GC invocations=1 (full 0):
 garbage-first heap   total 65536K, used 6085K [0x00000000c1c00000, 0x0000000100000000)
  region size 1024K, 5 young (5120K), 1 survivors (1024K)
 Metaspace       used 9218K, committed 9408K, reserved 1056768K
  class space    used 1088K, committed 1216K, reserved 1048576K
}
Event: 17.520 GC heap after
{Heap after GC invocations=2 (full 0):
 garbage-first heap   total 65536K, used 3072K [0x00000000c1c00000, 0x0000000100000000)
  region size 1024K, 1 young (1024K), 1 survivors (1024K)
 Metaspace       used 9218K, committed 9408K, reserved 1056768K
  class space    used 1088K, committed 1216K, reserved 1048576K
}
Event: 41.245 GC heap before
{Heap before GC invocations=2 (full 0):
 garbage-first heap   total 65536K, used 11264K [0x00000000c1c00000, 0x0000000100000000)
  region size 1024K, 9 young (9216K), 1 survivors (1024K)
 Metaspace       used 9563K, committed 9792K, reserved 1064960K
  class space    used 1090K, committed 1216K, reserved 1048576K
}
Event: 41.263 GC heap after
{Heap after GC invocations=3 (full 0):
 garbage-first heap   total 65536K, used 5413K [0x00000000c1c00000, 0x0000000100000000)
  region size 1024K, 2 young (2048K), 2 survivors (2048K)
 Metaspace       used 9563K, committed 9792K, reserved 1064960K
  class space    used 1090K, committed 1216K, reserved 1048576K
}
Event: 77.654 GC heap before
{Heap before GC invocations=3 (full 0):
 garbage-first heap   total 65536K, used 23845K [0x00000000c1c00000, 0x0000000100000000)
  region size 1024K, 20 young (20480K), 2 survivors (2048K)
 Metaspace       used 9816K, committed 10048K, reserved 1064960K
  class space    used 1090K, committed 1216K, reserved 1048576K
}
Event: 77.684 GC heap after
{Heap after GC invocations=4 (full 0):
 garbage-first heap   total 65536K, used 10240K [0x00000000c1c00000, 0x0000000100000000)
  region size 1024K, 3 young (3072K), 3 survivors (3072K)
 Metaspace       used 9816K, committed 10048K, reserved 1064960K
  class space    used 1090K, committed 1216K, reserved 1048576K
}
Event: 118.051 GC heap before
{Heap before GC invocations=4 (full 0):
 garbage-first heap   total 65536K, used 31744K [0x00000000c1c00000, 0x0000000100000000)
  region size 1024K, 24 young (24576K), 3 survivors (3072K)
 Metaspace       used 9953K, committed 10240K, reserved 1064960K
  class space    used 1090K, committed 1216K, reserved 1048576K
}
Event: 118.105 GC heap after
{Heap after GC invocations=5 (full 0):
 garbage-first heap   total 65536K, used 15668K [0x00000000c1c00000, 0x0000000100000000)
  region size 1024K, 3 young (3072K), 3 survivors (3072K)
 Metaspace       used 9953K, committed 10240K, reserved 1064960K
  class space    used 1090K, committed 1216K, reserved 1048576K
}

