# JRE version: Java(TM) SE Runtime Environment (16.0.2+7) (build 16.0.2+7-67)
# Java VM: Java HotSpot(TM) 64-Bit Server VM (16.0.2+7-67, mixed mode, sharing, tiered, compressed oops, compressed class ptrs, g1 gc, windows-amd64)
GC Precious Log:
 CPUs: 2 total, 2 available
 Memory: 3979M
 Large Page Support: Disabled
 NUMA Support: Disabled
 Compressed Oops: Enabled (32-bit)
 Heap Region Size: 1M
 Heap Min Capacity: 8M
 Heap Initial Capacity: 64M
 Heap Max Capacity: 996M
 Pre-touch: Disabled
 Parallel Workers: 2
 Concurrent Workers: 1
 Concurrent Refinement Workers: 2
 Periodic GC: Disabled
Heap:
 garbage-first heap   total 219136K, used 144896K [0x00000000c1c00000, 0x0000000100000000)
  region size 1024K, 7 young (7168K), 6 survivors (6144K)
 Metaspace       used 10444K, committed 10688K, reserved 1064960K
  class space    used 1091K, committed 1216K, reserved 1048576K
GC Heap History (20 events):
Event: 473.309 GC heap before
{Heap before GC invocations=30 (full 0):
 garbage-first heap   total 138240K, used 102400K [0x00000000c1c00000, 0x0000000100000000)
  region size 1024K, 23 young (23552K), 3 survivors (3072K)
 Metaspace       used 10443K, committed 10688K, reserved 1064960K
  class space    used 1091K, committed 1216K, reserved 1048576K
}
Event: 473.352 GC heap after
{Heap after GC invocations=31 (full 0):
 garbage-first heap   total 138240K, used 87522K [0x00000000c1c00000, 0x0000000100000000)
  region size 1024K, 3 young (3072K), 3 survivors (3072K)
 Metaspace       used 10443K, committed 10688K, reserved 1064960K
  class space    used 1091K, committed 1216K, reserved 1048576K
}
Event: 498.049 GC heap before
{Heap before GC invocations=31 (full 0):
 garbage-first heap   total 138240K, used 101858K [0x00000000c1c00000, 0x0000000100000000)
  region size 1024K, 18 young (18432K), 3 survivors (3072K)
 Metaspace       used 10443K, committed 10688K, reserved 1064960K
  class space    used 1091K, committed 1216K, reserved 1048576K
}
Event: 498.078 GC heap after
{Heap after GC invocations=32 (full 0):
 garbage-first heap   total 138240K, used 92088K [0x00000000c1c00000, 0x0000000100000000)
  region size 1024K, 3 young (3072K), 3 survivors (3072K)
 Metaspace       used 10443K, committed 10688K, reserved 1064960K
  class space    used 1091K, committed 1216K, reserved 1048576K
}
Event: 524.889 GC heap before
{Heap before GC invocations=33 (full 0):
 garbage-first heap   total 157696K, used 112568K [0x00000000c1c00000, 0x0000000100000000)
  region size 1024K, 22 young (22528K), 3 survivors (3072K)
 Metaspace       used 10443K, committed 10688K, reserved 1064960K
  class space    used 1091K, committed 1216K, reserved 1048576K
}
Event: 524.918 GC heap after
{Heap after GC invocations=34 (full 0):
 garbage-first heap   total 157696K, used 98079K [0x00000000c1c00000, 0x0000000100000000)
  region size 1024K, 3 young (3072K), 3 survivors (3072K)
 Metaspace       used 10443K, committed 10688K, reserved 1064960K
  class space    used 1091K, committed 1216K, reserved 1048576K
}
Event: 557.249 GC heap before
{Heap before GC invocations=34 (full 0):
 garbage-first heap   total 157696K, used 124703K [0x00000000c1c00000, 0x0000000100000000)
  region size 1024K, 29 young (29696K), 3 survivors (3072K)
 Metaspace       used 10443K, committed 10688K, reserved 1064960K
  class space    used 1091K, committed 1216K, reserved 1048576K
}
Event: 557.283 GC heap after
{Heap after GC invocations=35 (full 0):
 garbage-first heap   total 157696K, used 104448K [0x00000000c1c00000, 0x0000000100000000)
  region size 1024K, 4 young (4096K), 4 survivors (4096K)
 Metaspace       used 10443K, committed 10688K, reserved 1064960K
  class space    used 1091K, committed 1216K, reserved 1048576K
}
Event: 578.627 GC heap before
{Heap before GC invocations=36 (full 0):
 garbage-first heap   total 176128K, used 125952K [0x00000000c1c00000, 0x0000000100000000)
  region size 1024K, 25 young (25600K), 4 survivors (4096K)
 Metaspace       used 10443K, committed 10688K, reserved 1064960K
  class space    used 1091K, committed 1216K, reserved 1048576K
}
Event: 578.663 GC heap after
{Heap after GC invocations=37 (full 0):
 garbage-first heap   total 176128K, used 109512K [0x00000000c1c00000, 0x0000000100000000)
  region size 1024K, 4 young (4096K), 4 survivors (4096K)
 Metaspace       used 10443K, committed 10688K, reserved 1064960K
  class space    used 1091K, committed 1216K, reserved 1048576K
}
Event: 610.454 GC heap before
{Heap before GC invocations=37 (full 0):
 garbage-first heap   total 176128K, used 139208K [0x00000000c1c00000, 0x0000000100000000)
  region size 1024K, 33 young (33792K), 4 survivors (4096K)
 Metaspace       used 10443K, committed 10688K, reserved 1064960K
  class space    used 1091K, committed 1216K, reserved 1048576K
}
Event: 610.491 GC heap after
{Heap after GC invocations=38 (full 0):
 garbage-first heap   total 176128K, used 116202K [0x00000000c1c00000, 0x0000000100000000)
  region size 1024K, 5 young (5120K), 5 survivors (5120K)
 Metaspace       used 10443K, committed 10688K, reserved 1064960K
  class space    used 1091K, committed 1216K, reserved 1048576K
}
Event: 638.788 GC heap before
{Heap before GC invocations=39 (full 0):
 garbage-first heap   total 196608K, used 141802K [0x00000000c1c00000, 0x0000000100000000)
  region size 1024K, 30 young (30720K), 5 survivors (5120K)
 Metaspace       used 10444K, committed 10688K, reserved 1064960K
  class space    used 1091K, committed 1216K, reserved 1048576K
}
Event: 638.849 GC heap after
{Heap after GC invocations=40 (full 0):
 garbage-first heap   total 196608K, used 122368K [0x00000000c1c00000, 0x0000000100000000)
  region size 1024K, 4 young (4096K), 4 survivors (4096K)
 Metaspace       used 10444K, committed 10688K, reserved 1064960K
  class space    used 1091K, committed 1216K, reserved 1048576K
}
Event: 671.007 GC heap before
{Heap before GC invocations=40 (full 0):
 garbage-first heap   total 196608K, used 155136K [0x00000000c1c00000, 0x0000000100000000)
  region size 1024K, 36 young (36864K), 4 survivors (4096K)
 Metaspace       used 10444K, committed 10688K, reserved 1064960K
  class space    used 1091K, committed 1216K, reserved 1048576K
}
Event: 671.046 GC heap after
{Heap after GC invocations=41 (full 0):
 garbage-first heap   total 196608K, used 130048K [0x00000000c1c00000, 0x0000000100000000)
  region size 1024K, 5 young (5120K), 5 survivors (5120K)
 Metaspace       used 10444K, committed 10688K, reserved 1064960K
  class space    used 1091K, committed 1216K, reserved 1048576K
}
Event: 705.372 GC heap before
{Heap before GC invocations=42 (full 0):
 garbage-first heap   total 219136K, used 158720K [0x00000000c1c00000, 0x0000000100000000)
  region size 1024K, 33 young (33792K), 5 survivors (5120K)
 Metaspace       used 10444K, committed 10688K, reserved 1064960K
  class space    used 1091K, committed 1216K, reserved 1048576K
}
Event: 705.438 GC heap after
{Heap after GC invocations=43 (full 0):
 garbage-first heap   total 219136K, used 137216K [0x00000000c1c00000, 0x0000000100000000)
  region size 1024K, 5 young (5120K), 5 survivors (5120K)
 Metaspace       used 10444K, committed 10688K, reserved 1064960K
  class space    used 1091K, committed 1216K, reserved 1048576K
}
Event: 743.781 GC heap before
{Heap before GC invocations=43 (full 0):
 garbage-first heap   total 219136K, used 174080K [0x00000000c1c00000, 0x0000000100000000)
  region size 1024K, 41 young (41984K), 5 survivors (5120K)
 Metaspace       used 10444K, committed 10688K, reserved 1064960K
  class space    used 1091K, committed 1216K, reserved 1048576K
}
Event: 743.828 GC heap after
{Heap after GC invocations=44 (full 0):
 garbage-first heap   total 219136K, used 144896K [0x00000000c1c00000, 0x0000000100000000)
  region size 1024K, 6 young (6144K), 6 survivors (6144K)
 Metaspace       used 10444K, committed 10688K, reserved 1064960K
  class space    used 1091K, committed 1216K, reserved 1048576K
}

